11/14/2019 10:43:40 AM	This log contains information about the import schema operation into project 'Database' on computer 'API1450' by user 'AP LAB'.
11/14/2019 10:43:40 AM	Import of database schema has started.
11/14/2019 10:43:47 AM	Gathering database credentials
11/14/2019 10:43:47 AM	Gathering database options
11/14/2019 10:43:47 AM	Gathering generic database scoped configuration option
11/14/2019 10:43:47 AM	Gathering users
11/14/2019 10:43:47 AM	Gathering roles
11/14/2019 10:43:47 AM	Gathering application roles
11/14/2019 10:43:47 AM	Gathering role memberships
11/14/2019 10:43:47 AM	Gathering filegroups
11/14/2019 10:43:47 AM	Gathering full-text catalogs
11/14/2019 10:43:47 AM	Gathering assemblies
11/14/2019 10:43:47 AM	Gathering certificates
11/14/2019 10:43:47 AM	Gathering asymmetric keys
11/14/2019 10:43:47 AM	Gathering symmetric keys
11/14/2019 10:43:47 AM	Gathering encrypted symmetric keys
11/14/2019 10:43:47 AM	Gathering schemas
11/14/2019 10:43:48 AM	Gathering XML schema collections
11/14/2019 10:43:48 AM	Gathering user-defined data types
11/14/2019 10:43:48 AM	Gathering user-defined types
11/14/2019 10:43:48 AM	Gathering table types
11/14/2019 10:43:48 AM	Gathering unique keys for table types
11/14/2019 10:43:48 AM	Gathering primary keys for table types
11/14/2019 10:43:48 AM	Gathering indexes for table types
11/14/2019 10:43:48 AM	Gathering check constraints for table types
11/14/2019 10:43:48 AM	Gathering default constraints for table types
11/14/2019 10:43:48 AM	Gathering partition functions
11/14/2019 10:43:48 AM	Gathering partition schemes
11/14/2019 10:43:48 AM	Gathering functions
11/14/2019 10:43:48 AM	Gathering encrypted functions
11/14/2019 10:43:48 AM	Gathering aggregates
11/14/2019 10:43:48 AM	Gathering procedures
11/14/2019 10:43:48 AM	Gathering encrypted procedures
11/14/2019 10:43:48 AM	Gathering tables
11/14/2019 10:43:48 AM	Gathering primary keys
11/14/2019 10:43:48 AM	Gathering unique constraints
11/14/2019 10:43:48 AM	Gathering foreign keys
11/14/2019 10:43:48 AM	Gathering default constraints
11/14/2019 10:43:48 AM	Gathering check constraints
11/14/2019 10:43:48 AM	Gathering views
11/14/2019 10:43:48 AM	Gathering encrypted views
11/14/2019 10:43:48 AM	Gathering indexes
11/14/2019 10:43:48 AM	Gathering statistics
11/14/2019 10:43:48 AM	Gathering full-text index stoplists
11/14/2019 10:43:48 AM	Gathering search property lists
11/14/2019 10:43:48 AM	Gathering search properties
11/14/2019 10:43:48 AM	Gathering full-text indexes
11/14/2019 10:43:48 AM	Gathering column store indexes
11/14/2019 10:43:48 AM	Gathering spatial indexes
11/14/2019 10:43:48 AM	Gathering XML indexes
11/14/2019 10:43:48 AM	Gathering Selective XML indexes
11/14/2019 10:43:48 AM	Gathering encrypted triggers
11/14/2019 10:43:48 AM	Gathering triggers
11/14/2019 10:43:48 AM	Gathering encrypted and clr ddl triggers
11/14/2019 10:43:48 AM	Gathering ddl triggers
11/14/2019 10:43:48 AM	Creating edge constraints
11/14/2019 10:43:48 AM	Gathering synonyms
11/14/2019 10:43:48 AM	Gathering defaults
11/14/2019 10:43:49 AM	Gathering data constraint uddt bindings
11/14/2019 10:43:49 AM	Gathering rules
11/14/2019 10:43:49 AM	Gathering data constraint uddt bindings
11/14/2019 10:43:49 AM	Gathering message types
11/14/2019 10:43:49 AM	Gathering queues
11/14/2019 10:43:49 AM	Gathering contracts
11/14/2019 10:43:49 AM	Gathering services
11/14/2019 10:43:49 AM	Gathering event notifications
11/14/2019 10:43:49 AM	Gathering remote service bindings
11/14/2019 10:43:49 AM	Gathering broker priorities
11/14/2019 10:43:49 AM	Gathering signatures
11/14/2019 10:43:49 AM	Gathering data compression options
11/14/2019 10:43:49 AM	Gathering sequence types
11/14/2019 10:43:49 AM	Gathering security policies
11/14/2019 10:43:49 AM	Gather column encryption keys
11/14/2019 10:43:49 AM	Gathering column master keys
11/14/2019 10:43:49 AM	Gathering external data sources
11/14/2019 10:43:49 AM	Gathering external file formats
11/14/2019 10:43:49 AM	Gathering external tables
11/14/2019 10:43:49 AM	Gathering extended properties
11/14/2019 10:43:49 AM	Gathering credentials
11/14/2019 10:43:49 AM	Gathering logins
11/14/2019 10:43:49 AM	Gathering server audits
11/14/2019 10:43:49 AM	Scanning project for duplicate elements
11/14/2019 10:43:49 AM	Finished duplicate element processing
11/14/2019 10:43:50 AM	Finished importing database.
11/14/2019 10:43:50 AM	A summary of the import was saved to the following location: C:\Users\AP LAB\source\repos\mirza\MirzaCeman\AP-Shop\Backend\Database\Import Schema Logs\Database_20191114094340.log
11/14/2019 10:43:50 AM	Click Finish to continue...
